<?xml version="1.0" encoding="UTF-8"?>
<!-- Generated by org.testng.reporters.JUnitXMLReporter -->
<testsuite ignored="1" hostname="DESKTOP-J0C4B0O" failures="0" tests="1" name="Master Test" time="9.27" errors="0" timestamp="2025-05-23T11:43:54 EDT">
  <testcase classname="testCases.TC002_LoginTest" name="verify_login" time="2.309"/>
  <testcase classname="testCases.TC001_AccountRegistrationTest" name="verify_account_registration" time="0.0">
    <ignored/>
  </testcase> <!-- verify_account_registration -->
</testsuite> <!-- Master Test -->
